Vivado Simulator v2025.2
Copyright 1986-2022 Xilinx, Inc. All Rights Reserved.
Copyright 2022-2025 Advanced Micro Devices, Inc. All Rights Reserved.
Running: /home/2025.2/Vivado/bin/unwrapped/lnx64.o/xelab -debug typical --relax wb_top_tb 
Multi-threading is on. Using 6 slave threads.
WARNING: [XSIM 43-3431] One or more environment variables have been detected which affect the operation of the C compiler. These are typically not set in standard installations and are not tested by AMD, however they may be appropriate for your system, so the flow will attempt to continue.  If errors occur, try running xelab with the "-mt off -v 1" switches to see more information from the C compiler. The following environment variables have been detected:
Starting static elaboration
Pass Through NonSizing Optimizer
WARNING: [VRFC 10-10098] 'shm_open' is not a built-in system task [/home/manuelrivera/git_repositories/DD_class_projects/class3_2026/class3_2026_sebasteam/verif/wb_top_tb.sv:73]
WARNING: [VRFC 10-10098] 'shm_probe' is not a built-in system task [/home/manuelrivera/git_repositories/DD_class_projects/class3_2026/class3_2026_sebasteam/verif/wb_top_tb.sv:74]
WARNING: [VRFC 10-3597] non-void function 'randomize' called as a task without void casting [/home/manuelrivera/git_repositories/DD_class_projects/class3_2026/class3_2026_sebasteam/verif/wb_top_tb.sv:95]
WARNING: [VRFC 10-3597] non-void function 'randomize' called as a task without void casting [/home/manuelrivera/git_repositories/DD_class_projects/class3_2026/class3_2026_sebasteam/verif/wb_top_tb.sv:316]
WARNING: [VRFC 10-3597] non-void function 'randomize' called as a task without void casting [/home/manuelrivera/git_repositories/DD_class_projects/class3_2026/class3_2026_sebasteam/verif/wb_top_tb.sv:334]
WARNING: [VRFC 10-3597] non-void function 'randomize' called as a task without void casting [/home/manuelrivera/git_repositories/DD_class_projects/class3_2026/class3_2026_sebasteam/verif/wb_top_tb.sv:352]
WARNING: [VRFC 10-3597] non-void function 'randomize' called as a task without void casting [/home/manuelrivera/git_repositories/DD_class_projects/class3_2026/class3_2026_sebasteam/verif/wb_top_tb.sv:370]
WARNING: [VRFC 10-3597] non-void function 'randomize' called as a task without void casting [/home/manuelrivera/git_repositories/DD_class_projects/class3_2026/class3_2026_sebasteam/verif/wb_top_tb.sv:388]
WARNING: [VRFC 10-3597] non-void function 'randomize' called as a task without void casting [/home/manuelrivera/git_repositories/DD_class_projects/class3_2026/class3_2026_sebasteam/verif/wb_top_tb.sv:407]
WARNING: [VRFC 10-3597] non-void function 'randomize' called as a task without void casting [/home/manuelrivera/git_repositories/DD_class_projects/class3_2026/class3_2026_sebasteam/verif/wb_top_tb.sv:445]
WARNING: [VRFC 10-3597] non-void function 'randomize' called as a task without void casting [/home/manuelrivera/git_repositories/DD_class_projects/class3_2026/class3_2026_sebasteam/verif/wb_top_tb.sv:467]
WARNING: [VRFC 10-3597] non-void function 'randomize' called as a task without void casting [/home/manuelrivera/git_repositories/DD_class_projects/class3_2026/class3_2026_sebasteam/verif/wb_top_tb.sv:468]
WARNING: [VRFC 10-3597] non-void function 'randomize' called as a task without void casting [/home/manuelrivera/git_repositories/DD_class_projects/class3_2026/class3_2026_sebasteam/verif/wb_top_tb.sv:490]
WARNING: [VRFC 10-3597] non-void function 'randomize' called as a task without void casting [/home/manuelrivera/git_repositories/DD_class_projects/class3_2026/class3_2026_sebasteam/verif/wb_top_tb.sv:491]
WARNING: [VRFC 10-3597] non-void function 'randomize' called as a task without void casting [/home/manuelrivera/git_repositories/DD_class_projects/class3_2026/class3_2026_sebasteam/verif/wb_top_tb.sv:513]
WARNING: [VRFC 10-3597] non-void function 'randomize' called as a task without void casting [/home/manuelrivera/git_repositories/DD_class_projects/class3_2026/class3_2026_sebasteam/verif/wb_top_tb.sv:514]
WARNING: [VRFC 10-3597] non-void function 'randomize' called as a task without void casting [/home/manuelrivera/git_repositories/DD_class_projects/class3_2026/class3_2026_sebasteam/verif/wb_top_tb.sv:536]
WARNING: [VRFC 10-3597] non-void function 'randomize' called as a task without void casting [/home/manuelrivera/git_repositories/DD_class_projects/class3_2026/class3_2026_sebasteam/verif/wb_top_tb.sv:537]
WARNING: [VRFC 10-3129] assignment to input 's0_dat_i' [/home/manuelrivera/git_repositories/DD_class_projects/class3_2026/class3_2026_sebasteam/rtl/wb_interconnect.sv:251]
WARNING: [VRFC 10-3129] assignment to input 's0_ack_i' [/home/manuelrivera/git_repositories/DD_class_projects/class3_2026/class3_2026_sebasteam/rtl/wb_interconnect.sv:256]
WARNING: [VRFC 10-3129] assignment to input 's0_err_i' [/home/manuelrivera/git_repositories/DD_class_projects/class3_2026/class3_2026_sebasteam/rtl/wb_interconnect.sv:257]
WARNING: [VRFC 10-3129] assignment to input 's1_dat_i' [/home/manuelrivera/git_repositories/DD_class_projects/class3_2026/class3_2026_sebasteam/rtl/wb_interconnect.sv:265]
WARNING: [VRFC 10-3129] assignment to input 's1_ack_i' [/home/manuelrivera/git_repositories/DD_class_projects/class3_2026/class3_2026_sebasteam/rtl/wb_interconnect.sv:270]
WARNING: [VRFC 10-3129] assignment to input 's1_err_i' [/home/manuelrivera/git_repositories/DD_class_projects/class3_2026/class3_2026_sebasteam/rtl/wb_interconnect.sv:271]
WARNING: [VRFC 10-3129] assignment to input 's2_dat_i' [/home/manuelrivera/git_repositories/DD_class_projects/class3_2026/class3_2026_sebasteam/rtl/wb_interconnect.sv:279]
WARNING: [VRFC 10-3129] assignment to input 's2_ack_i' [/home/manuelrivera/git_repositories/DD_class_projects/class3_2026/class3_2026_sebasteam/rtl/wb_interconnect.sv:283]
Completed static elaboration
Starting simulation data flow analysis
WARNING: [XSIM 43-4099] "/home/manuelrivera/git_repositories/DD_class_projects/class3_2026/class3_2026_sebasteam/rtl/wb_reg.sv" Line 16. Module wb_reg doesn't have a timescale but at least one module in design has a timescale.
WARNING: [XSIM 43-4099] "/home/manuelrivera/git_repositories/DD_class_projects/class3_2026/class3_2026_sebasteam/rtl/wb_reg.sv" Line 16. Module wb_reg doesn't have a timescale but at least one module in design has a timescale.
Completed simulation data flow analysis
Time Resolution for simulation is 1ps
Compiling package std.std
Compiling module work.wb_mem_default
Compiling module work.wb_reg
Compiling module work.wb_ram_default
Compiling module work.wb_interconnect(WB2_BASE=16'b010...
Compiling module work.wb_master
Compiling module work.wb_top(WB2_BASE=16'b010000000001...
Compiling module work.wb_top_tb
WARNING: [XSIM 43-3374] "/home/manuelrivera/git_repositories/DD_class_projects/class3_2026/class3_2026_sebasteam/verif/wb_top_tb.sv" Line 73. System task $shm_open is not supported and will be ignored.
WARNING: [XSIM 43-3374] "/home/manuelrivera/git_repositories/DD_class_projects/class3_2026/class3_2026_sebasteam/verif/wb_top_tb.sv" Line 74. System task $shm_probe is not supported and will be ignored.
Built simulation snapshot work.wb_top_tb
