Vivado Simulator v2025.2
Copyright 1986-2022 Xilinx, Inc. All Rights Reserved.
Copyright 2022-2025 Advanced Micro Devices, Inc. All Rights Reserved.
Running: /opt/Xilinx/2025.2/Vivado/bin/unwrapped/lnx64.o/xelab -debug typical --relax uart_ip_tb 
Multi-threading is on. Using 10 slave threads.
WARNING: [XSIM 43-3431] One or more environment variables have been detected which affect the operation of the C compiler. These are typically not set in standard installations and are not tested by AMD, however they may be appropriate for your system, so the flow will attempt to continue.  If errors occur, try running xelab with the "-mt off -v 1" switches to see more information from the C compiler. The following environment variables have been detected:
Starting static elaboration
Pass Through NonSizing Optimizer
WARNING: [VRFC 10-3597] non-void function 'randomize' called as a task without void casting [/home/manuel/Documents/git_repositories/dd_cuatri2_sect2/project_final/verif/uart_ip_tb.sv:123]
Completed static elaboration
Starting simulation data flow analysis
Completed simulation data flow analysis
Time Resolution for simulation is 1ps
Compiling package std.std
Compiling module work.uart_ip_interface_default
Compiling module work.uart_control_reg
Compiling module work.clk_gen_default
Compiling module work.edge_detector
Compiling module work.uart_tnsm
Compiling module work.uart_recv
Compiling module work.fsm_instruction_loader
Compiling module work.wb_master
Compiling module work.wb_mem_default
Compiling module work.uart_ip
Compiling module work.uart_ip_tb
Built simulation snapshot work.uart_ip_tb
