#-----------------------------------------------------------
# xsim v2025.2 (64-bit)
# SW Build 6299465 on Fri Nov 14 12:34:56 MST 2025
# IP Build 6300035 on Fri Nov 14 10:48:45 MST 2025
# SharedData Build 6298862 on Thu Nov 13 04:50:51 MST 2025
# Start of session at: Tue Mar  3 18:59:43 2026
# Process ID         : 58764
# Current directory  : /home/manuel/Documents/git_repositories/dd_cuatri2_sect2/project_final/verif/work
# Command line       : xsim -mode tcl -source {xsim.dir/work.uart_ip_tb/xsim_script.tcl}
# Log file           : /home/manuel/Documents/git_repositories/dd_cuatri2_sect2/project_final/verif/work/xsim.log
# Journal file       : /home/manuel/Documents/git_repositories/dd_cuatri2_sect2/project_final/verif/work/xsim.jou
# Running On         : manueldesk
# Platform           : Ubuntu
# Operating System   : Ubuntu 24.04.3 LTS
# Processor Detail   : AMD Ryzen 5 3600 6-Core Processor
# CPU Frequency      : 4079.100 MHz
# CPU Physical cores : 6
# CPU Logical cores  : 12
# Host memory        : 16650 MB
# Swap memory        : 4294 MB
# Total Virtual      : 20945 MB
# Available Virtual  : 15464 MB
#-----------------------------------------------------------
source xsim.dir/work.uart_ip_tb/xsim_script.tcl
# xsim {work.uart_ip_tb} -autoloadwcfg -runall
Time resolution is 1 ps
open_wave_config /home/manuel/Documents/git_repositories/dd_cuatri2_sect2/project_final/verif/work/work.uart_ip_tb.wcfg
run -all
$finish called at time : 113205010 ns : File "/home/manuel/Documents/git_repositories/dd_cuatri2_sect2/project_final/verif/uart_ip_tb.sv" Line 146
run: Time (s): cpu = 00:00:04 ; elapsed = 00:00:06 . Memory (MB): peak = 1580.547 ; gain = 128.000 ; free physical = 3623 ; free virtual = 14513
exit
INFO: xsimkernel Simulation Memory Usage: 288808 KB (Peak: 337108 KB), Simulation CPU Usage: 7390 ms
INFO: [Common 17-206] Exiting xsim at Tue Mar  3 18:59:52 2026...
