INFO: [VRFC 10-2263] Analyzing SystemVerilog file "/home/manuel/Documents/git_repositories/dd_cuatri2_sect2/project_final/rtl/defines.svh" into library work
INFO: [VRFC 10-2263] Analyzing SystemVerilog file "/home/manuel/Documents/git_repositories/dd_cuatri2_sect2/project_final/verif/property_defines.svh" into library work
INFO: [VRFC 10-2263] Analyzing SystemVerilog file "/home/manuel/Documents/git_repositories/dd_cuatri2_sect2/project_final/rtl/uart/uart_clk_gen.sv" into library work
INFO: [VRFC 10-311] analyzing module clk_gen
INFO: [VRFC 10-2263] Analyzing SystemVerilog file "/home/manuel/Documents/git_repositories/dd_cuatri2_sect2/project_final/rtl/uart/uart_edge_detector.sv" into library work
INFO: [VRFC 10-311] analyzing module edge_detector
INFO: [VRFC 10-2263] Analyzing SystemVerilog file "/home/manuel/Documents/git_repositories/dd_cuatri2_sect2/project_final/rtl/uart/uart_control_reg.sv" into library work
INFO: [VRFC 10-311] analyzing module uart_control_reg
INFO: [VRFC 10-2263] Analyzing SystemVerilog file "/home/manuel/Documents/git_repositories/dd_cuatri2_sect2/project_final/rtl/uart/uart_tnsm.sv" into library work
INFO: [VRFC 10-311] analyzing module uart_tnsm
INFO: [VRFC 10-2263] Analyzing SystemVerilog file "/home/manuel/Documents/git_repositories/dd_cuatri2_sect2/project_final/rtl/uart/uart_recv.sv" into library work
INFO: [VRFC 10-311] analyzing module uart_recv
INFO: [VRFC 10-2263] Analyzing SystemVerilog file "/home/manuel/Documents/git_repositories/dd_cuatri2_sect2/project_final/rtl/fsm_instruction_loader.sv" into library work
INFO: [VRFC 10-311] analyzing module fsm_instruction_loader
INFO: [VRFC 10-2263] Analyzing SystemVerilog file "/home/manuel/Documents/git_repositories/dd_cuatri2_sect2/project_final/rtl/wb_master.sv" into library work
INFO: [VRFC 10-311] analyzing module wb_master
INFO: [VRFC 10-2263] Analyzing SystemVerilog file "/home/manuel/Documents/git_repositories/dd_cuatri2_sect2/project_final/rtl/wb_mem.sv" into library work
INFO: [VRFC 10-311] analyzing module wb_mem
INFO: [VRFC 10-2263] Analyzing SystemVerilog file "/home/manuel/Documents/git_repositories/dd_cuatri2_sect2/project_final/rtl/uart/uart_ip.sv" into library work
INFO: [VRFC 10-311] analyzing module uart_ip
INFO: [VRFC 10-2263] Analyzing SystemVerilog file "/home/manuel/Documents/git_repositories/dd_cuatri2_sect2/project_final/verif/uart_ip_interface.sv" into library work
INFO: [VRFC 10-2263] Analyzing SystemVerilog file "/home/manuel/Documents/git_repositories/dd_cuatri2_sect2/project_final/verif/uart_ip_tb.sv" into library work
INFO: [VRFC 10-311] analyzing module uart_ip_tb
