#-----------------------------------------------------------
# xsim v2025.2 (64-bit)
# SW Build 6299465 on Fri Nov 14 12:34:56 MST 2025
# IP Build 6300035 on Fri Nov 14 10:48:45 MST 2025
# SharedData Build 6298862 on Thu Nov 13 04:50:51 MST 2025
# Start of session at: Sun Mar  1 18:03:02 2026
# Process ID         : 19213
# Current directory  : /home/manuelrivera/git_repositories/DD_class_projects/class2_2026/work
# Command line       : xsim -mode tcl -source {xsim.dir/work.wb_master_top_tb/xsim_script.tcl}
# Log file           : /home/manuelrivera/git_repositories/DD_class_projects/class2_2026/work/xsim.log
# Journal file       : /home/manuelrivera/git_repositories/DD_class_projects/class2_2026/work/xsim.jou
# Running On         : lap
# Platform           : Ubuntu
# Operating System   : Ubuntu 24.04.3 LTS
# Processor Detail   : Intel(R) Core(TM) i5-8300H CPU @ 2.30GHz
# CPU Frequency      : 3918.197 MHz
# CPU Physical cores : 4
# CPU Logical cores  : 8
# Host memory        : 8123 MB
# Swap memory        : 8000 MB
# Total Virtual      : 16124 MB
# Available Virtual  : 11877 MB
#-----------------------------------------------------------
source xsim.dir/work.wb_master_top_tb/xsim_script.tcl
# xsim {work.wb_master_top_tb} -autoloadwcfg -runall
Time resolution is 1 ps
open_wave_config /home/manuelrivera/git_repositories/DD_class_projects/class2_2026/work/work.wb_master_top_tb.wcfg
run -all
$finish called at time : 108451430 ns : File "/home/manuelrivera/git_repositories/DD_class_projects/class2_2026/dv/wb_master_top_tb.sv" Line 53
run: Time (s): cpu = 00:00:05 ; elapsed = 00:00:06 . Memory (MB): peak = 1452.520 ; gain = 8.031 ; free physical = 461 ; free virtual = 11201
exit
INFO: xsimkernel Simulation Memory Usage: 288764 KB (Peak: 337064 KB), Simulation CPU Usage: 7580 ms
INFO: [Common 17-206] Exiting xsim at Sun Mar  1 18:03:12 2026...
